<?xml version="1.0" encoding="UTF-8"?>
<testng-results skipped="0" failed="0" total="1" passed="1">
  <reporter-output>
  </reporter-output>
  <suite name="Suite" duration-ms="1123" started-at="2021-08-10T07:32:36Z" finished-at="2021-08-10T07:32:37Z">
    <groups>
    </groups>
    <test name="Test" duration-ms="1123" started-at="2021-08-10T07:32:36Z" finished-at="2021-08-10T07:32:37Z">
      <class name="excel.firstexcel">
        <test-method status="PASS" signature="m1()[pri:0, instance:excel.firstexcel@1d15f18]" name="m1" duration-ms="1013" started-at="2021-08-10T13:02:36Z" finished-at="2021-08-10T13:02:37Z">
          <reporter-output>
          </reporter-output>
        </test-method> <!-- m1 -->
      </class> <!-- excel.firstexcel -->
    </test> <!-- Test -->
  </suite> <!-- Suite -->
</testng-results>
