<?xml version="1.0" encoding="UTF-8"?>
<testng-results skipped="0" failed="0" ignored="0" total="1" passed="1">
  <reporter-output>
  </reporter-output>
  <suite name="Default suite" duration-ms="12370" started-at="2021-08-06T12:18:41 IST" finished-at="2021-08-06T12:18:54 IST">
    <groups>
    </groups>
    <test name="Default test" duration-ms="12370" started-at="2021-08-06T12:18:41 IST" finished-at="2021-08-06T12:18:54 IST">
      <class name="excel.firstexcel">
        <test-method status="PASS" signature="m1()[pri:0, instance:excel.firstexcel@1206beb]" name="m1" duration-ms="12147" started-at="2021-08-06T12:18:41 IST" finished-at="2021-08-06T12:18:54 IST">
          <reporter-output>
          </reporter-output>
        </test-method> <!-- m1 -->
      </class> <!-- excel.firstexcel -->
    </test> <!-- Default test -->
  </suite> <!-- Default suite -->
</testng-results>
